<?xml version="1.0" encoding="UTF-8"?>
<!-- Generated by org.testng.reporters.JUnitReportReporter -->
<testsuite hostname="DESKTOP-FC6VDDG" failures="0" tests="3" name="release1801.RadioButtonTest" time="2.114" errors="0" timestamp="21 Jan. 2018 13:30:13 GMT" skipped="0">
  <testcase classname="release1801.RadioButtonTest" name="radioButtnBmwTest" time="0.648"/>
  <testcase classname="release1801.RadioButtonTest" name="radioButtnBmwTest" time="0.655"/>
  <testcase classname="release1801.RadioButtonTest" name="radioButtnBmwTest" time="0.811"/>
</testsuite> <!-- release1801.RadioButtonTest -->
