<?xml version="1.0" encoding="UTF-8"?>
<!-- Generated by org.testng.reporters.JUnitReportReporter -->
<testsuite hostname="DESKTOP-FC6VDDG" failures="0" tests="3" name="sample.RadioButtonTest" time="2.014" errors="0" timestamp="21 Jan. 2018 13:21:43 GMT" skipped="0">
  <testcase classname="sample.RadioButtonTest" name="radioButtnBmwTest" time="0.592"/>
  <testcase classname="sample.RadioButtonTest" name="radioButtnBmwTest" time="0.743"/>
  <testcase classname="sample.RadioButtonTest" name="radioButtnBmwTest" time="0.679"/>
</testsuite> <!-- sample.RadioButtonTest -->
