<?xml version="1.0" encoding="UTF-8"?>
<testng-results ignored="4" total="9" passed="5" failed="0" skipped="0">
  <reporter-output>
  </reporter-output>
  <suite started-at="2018-01-21T09:34:47Z" name="Default suite" finished-at="2018-01-21T09:35:17Z" duration-ms="30593">
    <groups>
    </groups>
    <test started-at="2018-01-21T09:34:47Z" name="Default test" finished-at="2018-01-21T09:35:17Z" duration-ms="30593">
      <class name="sample.GoogleSearch">
        <test-method is-config="true" signature="setup()[pri:0, instance:sample.GoogleSearch@4470f8a6]" started-at="2018-01-21T10:34:10Z" name="setup" finished-at="2018-01-21T10:34:23Z" duration-ms="12798" status="PASS">
          <reporter-output>
          </reporter-output>
        </test-method> <!-- setup -->
        <test-method is-config="true" signature="setup()[pri:0, instance:de.hkr.base.Testbase@7c83dc97]" started-at="2018-01-21T10:34:23Z" name="setup" finished-at="2018-01-21T10:34:47Z" duration-ms="23543" status="PASS">
          <reporter-output>
          </reporter-output>
        </test-method> <!-- setup -->
        <test-method signature="googlesearchTest()[pri:0, instance:sample.GoogleSearch@4470f8a6]" started-at="2018-01-21T10:34:47Z" name="googlesearchTest" finished-at="2018-01-21T10:34:48Z" duration-ms="1264" status="PASS">
          <reporter-output>
          </reporter-output>
        </test-method> <!-- googlesearchTest -->
        <test-method is-config="true" signature="tearDown()[pri:0, instance:sample.GoogleSearch@4470f8a6]" started-at="2018-01-21T10:35:17Z" name="tearDown" finished-at="2018-01-21T10:35:20Z" duration-ms="2648" status="PASS">
          <reporter-output>
          </reporter-output>
        </test-method> <!-- tearDown -->
        <test-method is-config="true" signature="tearDown()[pri:0, instance:de.hkr.base.Testbase@7c83dc97]" started-at="2018-01-21T10:35:20Z" name="tearDown" finished-at="2018-01-21T10:35:23Z" duration-ms="2662" status="PASS">
          <reporter-output>
          </reporter-output>
        </test-method> <!-- tearDown -->
      </class> <!-- sample.GoogleSearch -->
      <class name="example.FensterWechseln">
        <test-method is-config="true" signature="setup()[pri:0, instance:example.FensterWechseln@7748410a]" started-at="2018-01-21T10:34:48Z" name="setup" finished-at="2018-01-21T10:35:11Z" duration-ms="22777" status="PASS">
          <reporter-output>
          </reporter-output>
        </test-method> <!-- setup -->
        <test-method signature="fensterWechselnTest()[pri:0, instance:example.FensterWechseln@7748410a]" started-at="2018-01-21T10:35:11Z" name="fensterWechselnTest" finished-at="2018-01-21T10:35:14Z" duration-ms="3498" status="PASS">
          <reporter-output>
          </reporter-output>
        </test-method> <!-- fensterWechselnTest -->
        <test-method is-config="true" signature="tearDown()[pri:0, instance:example.FensterWechseln@7748410a]" started-at="2018-01-21T10:35:14Z" name="tearDown" finished-at="2018-01-21T10:35:17Z" duration-ms="2692" status="PASS">
          <reporter-output>
          </reporter-output>
        </test-method> <!-- tearDown -->
      </class> <!-- example.FensterWechseln -->
      <class name="sample.RadioButtonTest">
        <test-method signature="radioButtnBmwTest(java.lang.String)[pri:0, instance:sample.RadioButtonTest@740773a3]" started-at="2018-01-21T10:35:17Z" name="radioButtnBmwTest" data-provider="TestData" finished-at="2018-01-21T10:35:17Z" duration-ms="116" status="PASS">
          <params>
            <param index="0">
              <value>
                <![CDATA[bmwradio]]>
              </value>
            </param>
          </params>
          <reporter-output>
          </reporter-output>
        </test-method> <!-- radioButtnBmwTest -->
        <test-method signature="radioButtnBmwTest(java.lang.String)[pri:0, instance:sample.RadioButtonTest@740773a3]" started-at="2018-01-21T10:35:17Z" name="radioButtnBmwTest" data-provider="TestData" finished-at="2018-01-21T10:35:17Z" duration-ms="73" status="PASS">
          <params>
            <param index="0">
              <value>
                <![CDATA[benzradio]]>
              </value>
            </param>
          </params>
          <reporter-output>
          </reporter-output>
        </test-method> <!-- radioButtnBmwTest -->
        <test-method signature="radioButtnBmwTest(java.lang.String)[pri:0, instance:sample.RadioButtonTest@740773a3]" started-at="2018-01-21T10:35:17Z" name="radioButtnBmwTest" data-provider="TestData" finished-at="2018-01-21T10:35:17Z" duration-ms="73" status="PASS">
          <params>
            <param index="0">
              <value>
                <![CDATA[hondaradio]]>
              </value>
            </param>
          </params>
          <reporter-output>
          </reporter-output>
        </test-method> <!-- radioButtnBmwTest -->
      </class> <!-- sample.RadioButtonTest -->
    </test> <!-- Default test -->
  </suite> <!-- Default suite -->
</testng-results>
