<?xml version="1.0" encoding="UTF-8"?>
<!-- Generated by org.testng.reporters.JUnitReportReporter -->
<testsuite hostname="DESKTOP-FC6VDDG" failures="0" tests="3" name="googleSearch.RadioButtonTest" time="0.244" errors="0" timestamp="17 Jan. 2018 09:05:00 GMT" skipped="0">
  <testcase classname="googleSearch.RadioButtonTest" name="radioButtnBmwTest" time="0.069"/>
  <testcase classname="googleSearch.RadioButtonTest" name="radioButtnBmwTest" time="0.070"/>
  <testcase classname="googleSearch.RadioButtonTest" name="radioButtnBmwTest" time="0.105"/>
</testsuite> <!-- googleSearch.RadioButtonTest -->
