<?xml version="1.0" encoding="UTF-8"?>
<!-- Generated by org.testng.reporters.JUnitReportReporter -->
<testsuite hostname="DESKTOP-FC6VDDG" failures="0" tests="3" name="sampel.RadioButtonTest" time="0.237" errors="0" timestamp="17 Jan. 2018 09:35:43 GMT" skipped="0">
  <testcase classname="sampel.RadioButtonTest" name="radioButtnBmwTest" time="0.073"/>
  <testcase classname="sampel.RadioButtonTest" name="radioButtnBmwTest" time="0.090"/>
  <testcase classname="sampel.RadioButtonTest" name="radioButtnBmwTest" time="0.074"/>
</testsuite> <!-- sampel.RadioButtonTest -->
