<?xml version="1.0" encoding="UTF-8"?>
<!-- Generated by org.testng.reporters.JUnitReportReporter -->
<testsuite hostname="DESKTOP-FC6VDDG" failures="0" tests="3" name="sample.RadioButtonTest" time="0.262" errors="0" timestamp="21 Jan. 2018 09:35:23 GMT" skipped="0">
  <testcase classname="sample.RadioButtonTest" name="radioButtnBmwTest" time="0.116"/>
  <testcase classname="sample.RadioButtonTest" name="radioButtnBmwTest" time="0.073"/>
  <testcase classname="sample.RadioButtonTest" name="radioButtnBmwTest" time="0.073"/>
</testsuite> <!-- sample.RadioButtonTest -->
