<?xml version="1.0" encoding="UTF-8"?>
<testng-results ignored="0" total="1" passed="1" failed="0" skipped="0">
  <reporter-output>
  </reporter-output>
  <suite started-at="2018-01-21T14:11:33Z" name="Default suite" finished-at="2018-01-21T14:11:35Z" duration-ms="1278">
    <groups>
    </groups>
    <test started-at="2018-01-21T14:11:33Z" name="Default test" finished-at="2018-01-21T14:11:35Z" duration-ms="1278">
      <class name="sample.GoogleSearch">
        <test-method is-config="true" signature="setup()[pri:0, instance:sample.GoogleSearch@21b2e768]" started-at="2018-01-21T15:11:24Z" name="setup" finished-at="2018-01-21T15:11:33Z" duration-ms="9095" status="PASS">
          <reporter-output>
          </reporter-output>
        </test-method> <!-- setup -->
        <test-method signature="googlesearchTest()[pri:0, instance:sample.GoogleSearch@21b2e768]" started-at="2018-01-21T15:11:33Z" name="googlesearchTest" finished-at="2018-01-21T15:11:35Z" duration-ms="1252" status="PASS">
          <reporter-output>
          </reporter-output>
        </test-method> <!-- googlesearchTest -->
        <test-method is-config="true" signature="tearDown()[pri:0, instance:sample.GoogleSearch@21b2e768]" started-at="2018-01-21T15:11:35Z" name="tearDown" finished-at="2018-01-21T15:11:37Z" duration-ms="2684" status="PASS">
          <reporter-output>
          </reporter-output>
        </test-method> <!-- tearDown -->
      </class> <!-- sample.GoogleSearch -->
    </test> <!-- Default test -->
  </suite> <!-- Default suite -->
</testng-results>
