<?xml version="1.0" encoding="UTF-8"?>
<!-- Generated by org.testng.reporters.JUnitXMLReporter -->
<testsuite ignored="4" hostname="DESKTOP-FC6VDDG" failures="0" tests="5" name="Default test" time="30.593" errors="0" timestamp="21 Jan. 2018 09:35:17 GMT">
  <testcase classname="sample.GoogleSearch" name="googlesearchTest" time="1.264"/>
  <testcase classname="example.FensterWechseln" name="fensterWechselnTest" time="3.498"/>
  <testcase classname="sample.RadioButtonTest" name="radioButtnBmwTest" time="0.116"/>
  <testcase classname="sample.RadioButtonTest" name="radioButtnBmwTest" time="0.073"/>
  <testcase classname="sample.RadioButtonTest" name="radioButtnBmwTest" time="0.073"/>
  <testcase classname="de.hkr.base.SampleTestbase" name="@AfterSuite tearDown" time="0.0">
    <ignored/>
  </testcase> <!-- @AfterSuite tearDown -->
  <testcase classname="de.hkr.base.SampleTestbase" name="@BeforeSuite setup" time="0.0">
    <ignored/>
  </testcase> <!-- @BeforeSuite setup -->
  <testcase classname="de.hkr.base.Testbase" name="@AfterSuite tearDown" time="0.0">
    <ignored/>
  </testcase> <!-- @AfterSuite tearDown -->
  <testcase classname="de.hkr.base.Testbase" name="@BeforeSuite setup" time="0.0">
    <ignored/>
  </testcase> <!-- @BeforeSuite setup -->
</testsuite> <!-- Default test -->
